<?xml version="1.0" encoding="UTF-8"?>
<testsuite xmlns:xsi="http://www.w3.org/2001/XMLSchema-instance" xsi:noNamespaceSchemaLocation="https://maven.apache.org/surefire/maven-surefire-plugin/xsd/surefire-test-report.xsd" name="TestSuite" time="3.128" tests="3" errors="0" skipped="0" failures="1">
  <properties>
[...]
</properties>
  <testcase name="test_2" classname="org.testNg.runTest" time="0.234"/>
  <testcase name="test_2" classname="org.testNg.runTest" time="0.004"/>
  <testcase name="test_1" classname="org.testNg.runTest" time="0.15">
    <failure message="Method org.testNg.runTest.test_1() didn&apos;t finish within the time-out 1" type="org.testng.internal.thread.ThreadTimeoutException">org.testng.internal.thread.ThreadTimeoutException: Method org.testNg.runTest.test_1() didn't finish within the time-out 1
</failure>
    <system-out><![CDATA[执行超时啦test_1
]]></system-out>
  </testcase>
</testsuite>